This is pdfTeX, Version 3.141592653-2.6-1.40.28 (MiKTeX 25.12) (preloaded format=pdflatex.fmt)
 restricted \write18 enabled.
entering extended mode
(informe.tex
LaTeX2e <2025-11-01>
L3 programming layer <2025-12-24>
(C:\Users\francisco\AppData\Local\Programs\MiKTeX\tex/latex/base\article.cls
Document Class: article 2025/01/22 v1.4n Standard LaTeX document class
(C:\Users\francisco\AppData\Local\Programs\MiKTeX\tex/latex/base\size11.clo))
(C:\Users\francisco\AppData\Local\Programs\MiKTeX\tex/latex/base\inputenc.sty)
(C:\Users\francisco\AppData\Local\Programs\MiKTeX\tex/latex/base\fontenc.sty)
(C:\Users\francisco\AppData\Local\Programs\MiKTeX\tex/generic/babel\babel.sty
(C:\Users\francisco\AppData\Local\Programs\MiKTeX\tex/generic/babel\txtbabel.de
f)
*************************************
* Local config file bblopts.cfg used
*
(C:\Users\francisco\AppData\Local\Programs\MiKTeX\tex/latex/arabi\bblopts.cfg)
(C:\Users\francisco\AppData\Local\Programs\MiKTeX\tex/generic/babel/locale/es\b
abel-spanish.tex)
(C:\Users\francisco\AppData\Local\Programs\MiKTeX\tex/latex/babel-spanish\spani
sh.ldf))
(C:\Users\francisco\AppData\Local\Programs\MiKTeX\tex/latex/geometry\geometry.s
ty
(C:\Users\francisco\AppData\Local\Programs\MiKTeX\tex/latex/graphics\keyval.sty
)
(C:\Users\francisco\AppData\Local\Programs\MiKTeX\tex/generic/iftex\ifvtex.sty
(C:\Users\francisco\AppData\Local\Programs\MiKTeX\tex/generic/iftex\iftex.sty))

(C:\Users\francisco\AppData\Local\Programs\MiKTeX\tex/latex/geometry\geometry.c
fg))
(C:\Users\francisco\AppData\Local\Programs\MiKTeX\tex/latex/graphics\graphicx.s
ty
(C:\Users\francisco\AppData\Local\Programs\MiKTeX\tex/latex/graphics\graphics.s
ty
(C:\Users\francisco\AppData\Local\Programs\MiKTeX\tex/latex/graphics\trig.sty)
(C:\Users\francisco\AppData\Local\Programs\MiKTeX\tex/latex/graphics-cfg\graphi
cs.cfg)
(C:\Users\francisco\AppData\Local\Programs\MiKTeX\tex/latex/graphics-def\pdftex
.def)))
(C:\Users\francisco\AppData\Local\Programs\MiKTeX\tex/latex/tools\array.sty)
(C:\Users\francisco\AppData\Local\Programs\MiKTeX\tex/latex/url\url.sty)
(C:\Users\francisco\AppData\Local\Programs\MiKTeX\tex/latex/l3backend\l3backend
-pdftex.def) (informe.aux)
*geometry* driver: auto-detecting
*geometry* detected driver: pdftex

(C:\Users\francisco\AppData\Local\Programs\MiKTeX\tex/context/base/mkii\supp-pd
f.mkii
[Loading MPS to PDF converter (version 2006.09.02).]
)
(C:\Users\francisco\AppData\Local\Programs\MiKTeX\tex/latex/epstopdf-pkg\epstop
df-base.sty
(C:\Users\francisco\AppData\Local\Programs\MiKTeX\tex/latex/00miktex\epstopdf-s
ys.cfg)) [1{C:/Users/francisco/AppData/Local/MiKTeX/fonts/map/pdftex/pdftex.map
}] [1 <./figs/diagrama.png>] [2 <./figs/pipeline_bbox.png>]
Overfull \hbox (63.04439pt too wide) in paragraph at lines 235--243
 [][] 
[3 <./figs/grid.png>] [4 <./figs/histos.png> <./figs/factores.png>] [5 <./figs/
barras.png> <./figs/exitos_fallos.png>] [6 <./figs/fourier.png>]
Overfull \hbox (9.98375pt too wide) in paragraph at lines 371--375
[]\T1/cmr/bx/n/10.95 2. C¾-mo se usa-ron. \T1/cmr/m/n/10.95 Pa-ra es-truc-tu-ra
r el c¾-di-go, re-cor-dar fir-mas de fun-cio-nes (\T1/cmtt/m/n/10.95 measure.re
gionprops\T1/cmr/m/n/10.95 ,

Overfull \hbox (9.81203pt too wide) in paragraph at lines 376--378
[]\T1/cmr/bx/n/10.95 3. Apor-tes ·ti-les. \T1/cmr/m/n/10.95 Ace-le-rar el an-da
-mia-je del c¾-di-go y re-cor-dar el pa-tr¾n \T1/cmtt/m/n/10.95 label$\OMS/cmsy
/m/n/10.95 !$\T1/cmtt/m/n/10.95 regionprops$\OMS/cmsy/m/n/10.95 !$\T1/cmtt/m/n/
10.95 bbox
[7 <./figs/sobel.png>] [8 <./figs/sensibilidad.png>] (informe.aux) )
(see the transcript file for additional information) <C:\Users\francisco\AppDat
a\Local\MiKTeX\fonts/pk/ljfour/jknappen/ec/dpi600\ecrm0800.pk> <C:\Users\franci
sco\AppData\Local\MiKTeX\fonts/pk/ljfour/jknappen/ec/dpi600\ecbx1200.pk> <C:\Us
ers\francisco\AppData\Local\MiKTeX\fonts/pk/ljfour/jknappen/ec/dpi600\ectt1095.
pk> <C:\Users\francisco\AppData\Local\MiKTeX\fonts/pk/ljfour/jknappen/ec/dpi600
\ecti1095.pk> <C:\Users\francisco\AppData\Local\MiKTeX\fonts/pk/ljfour/jknappen
/ec/dpi600\ecbx1440.pk> <C:\Users\francisco\AppData\Local\MiKTeX\fonts/pk/ljfou
r/jknappen/ec/dpi600\ectt1000.pk> <C:\Users\francisco\AppData\Local\MiKTeX\font
s/pk/ljfour/jknappen/ec/dpi600\ecrm1000.pk> <C:\Users\francisco\AppData\Local\M
iKTeX\fonts/pk/ljfour/jknappen/ec/dpi600\ecrm1095.pk> <C:\Users\francisco\AppDa
ta\Local\MiKTeX\fonts/pk/ljfour/jknappen/ec/dpi600\ecbx1095.pk> <C:\Users\franc
isco\AppData\Local\MiKTeX\fonts/pk/ljfour/jknappen/ec/dpi600\ecti1200.pk> <C:\U
sers\francisco\AppData\Local\MiKTeX\fonts/pk/ljfour/jknappen/ec/dpi600\ecbx2488
.pk> <C:\Users\francisco\AppData\Local\MiKTeX\fonts/pk/ljfour/jknappen/ec/dpi60
0\ecrm1200.pk><C:/Users/francisco/AppData/Local/Programs/MiKTeX/fonts/type1/pub
lic/amsfonts/cm/cmmi10.pfb><C:/Users/francisco/AppData/Local/Programs/MiKTeX/fo
nts/type1/public/amsfonts/cm/cmmi8.pfb><C:/Users/francisco/AppData/Local/Progra
ms/MiKTeX/fonts/type1/public/amsfonts/cm/cmr10.pfb><C:/Users/francisco/AppData/
Local/Programs/MiKTeX/fonts/type1/public/amsfonts/cm/cmsy10.pfb>
Output written on informe.pdf (9 pages, 9960849 bytes).
Transcript written on informe.log.
pdflatex: major issue: So far, you have not checked for MiKTeX updates.
