This is pdfTeX, Version 3.141592653-2.6-1.40.28 (MiKTeX 25.12) (preloaded format=pdflatex.fmt)
 restricted \write18 enabled.
entering extended mode
(informe.tex
LaTeX2e <2025-11-01>
L3 programming layer <2025-12-24>
(C:\Users\francisco\AppData\Local\Programs\MiKTeX\tex/latex/base\article.cls
Document Class: article 2025/01/22 v1.4n Standard LaTeX document class
(C:\Users\francisco\AppData\Local\Programs\MiKTeX\tex/latex/base\size11.clo))
(C:\Users\francisco\AppData\Local\Programs\MiKTeX\tex/latex/base\inputenc.sty)
(C:\Users\francisco\AppData\Local\Programs\MiKTeX\tex/latex/base\fontenc.sty)
(C:\Users\francisco\AppData\Local\Programs\MiKTeX\tex/generic/babel\babel.sty
(C:\Users\francisco\AppData\Local\Programs\MiKTeX\tex/generic/babel\txtbabel.de
f)
*************************************
* Local config file bblopts.cfg used
*
(C:\Users\francisco\AppData\Local\Programs\MiKTeX\tex/latex/arabi\bblopts.cfg)
(C:\Users\francisco\AppData\Local\Programs\MiKTeX\tex/generic/babel/locale/es\b
abel-spanish.tex)
(C:\Users\francisco\AppData\Local\Programs\MiKTeX\tex/latex/babel-spanish\spani
sh.ldf))
(C:\Users\francisco\AppData\Local\Programs\MiKTeX\tex/latex/geometry\geometry.s
ty
(C:\Users\francisco\AppData\Local\Programs\MiKTeX\tex/latex/graphics\keyval.sty
)
(C:\Users\francisco\AppData\Local\Programs\MiKTeX\tex/generic/iftex\ifvtex.sty
(C:\Users\francisco\AppData\Local\Programs\MiKTeX\tex/generic/iftex\iftex.sty))

(C:\Users\francisco\AppData\Local\Programs\MiKTeX\tex/latex/geometry\geometry.c
fg))
(C:\Users\francisco\AppData\Local\Programs\MiKTeX\tex/latex/graphics\graphicx.s
ty
(C:\Users\francisco\AppData\Local\Programs\MiKTeX\tex/latex/graphics\graphics.s
ty
(C:\Users\francisco\AppData\Local\Programs\MiKTeX\tex/latex/graphics\trig.sty)
(C:\Users\francisco\AppData\Local\Programs\MiKTeX\tex/latex/graphics-cfg\graphi
cs.cfg)
(C:\Users\francisco\AppData\Local\Programs\MiKTeX\tex/latex/graphics-def\pdftex
.def)))
(C:\Users\francisco\AppData\Local\Programs\MiKTeX\tex/latex/booktabs\booktabs.s
ty) (C:\Users\francisco\AppData\Local\Programs\MiKTeX\tex/latex/tools\array.sty
)

! LaTeX Error: File `caption.sty' not found.

Type X to quit or <RETURN> to proceed,
or enter new name. (Default extension: sty)

Enter file name: 
! Emergency stop.
<read *> 
         
l.10 \usepackage
                {float}^^M
!  ==> Fatal error occurred, no output PDF file produced!
Transcript written on informe.log.
pdflatex: major issue: So far, you have not checked for MiKTeX updates.
